MPASM  5.51           SOURCE_FILE_AULA014.ASM   2-5-2016  21:26:36         PAGE  1


LOC  OBJECT CODE     LINE SOURCE TEXT
  VALUE

                      00001 ;
                      00002 ; Curso de Assembly para PIC Aula 014
                      00003 ;
                      00004 ; Instruções de Desvio Condicional
                      00005 ;
                      00006 ;
                      00007 ;  
                      00008 ;
                      00009 ; MCU: PIC16F84A   Clock: 4MHz
                      00010 ;
                      00011 ; www.wrkits.com.br | facebook.com/wrkits | youtube.com/canalwrkits
                      00012 ;
                      00013 ; Autor: Eng. Wagner Rambo   Data: Janeiro de 2016
                      00014 ;
                      00015 
                      00016 
                      00017  list           p=16f84A                                                        ; microcontrolador utili
                            zado PIC16F84A
                      00018   
                      00019   
                      00020 ; --- Arquivos incluídos no projeto ---
                      00021  #include <p16f84a.inc>                                                 ; inclui o arquivo do PIC16F84A 
                             
                      00001         LIST
                      00002 
                      00003 ;==========================================================================
                      00004 ;  MPASM PIC16F84A processor include
                      00005 ; 
                      00006 ;  (c) Copyright 1999-2013 Microchip Technology, All rights reserved
                      00007 ;==========================================================================
                      00008 
                      00208         LIST
                      00022   
                      00023   
                      00024 ; --- FUSE Bits ---
                      00025 ; Cristal oscilador externo 4MHz, sem watchdog timer, com power up timer, sem proteção do código
2007   3FF1           00026  __config _XT_OSC & _WDT_OFF & _PWRTE_ON & _CP_OFF
                      00027         
                      00028  
                      00029 
                      00030 ; --- Paginação de Memória ---
                      00031  #define                bank0           bcf     STATUS,RP0              ;Cria um mnemônico para o banco 
                            0 de memória
                      00032  #define                bank1           bsf STATUS,RP0          ;Cria um mnemônico para o banco 1 de mem
                            ória
                      00033   
                      00034  
                      00035 ; --- Registradores de Uso Geral ---
                      00036  cblock                 H'0C'                                                   ;inicio da memória do us
                            uário
                      00037  
  0000000C            00038  regist1                                                                                ;registrador aux
                            iliar
MPASM  5.51           SOURCE_FILE_AULA014.ASM   2-5-2016  21:26:36         PAGE  2


LOC  OBJECT CODE     LINE SOURCE TEXT
  VALUE

  0000000D            00039  regist2                                                                                ;registrador aux
                            iliar
                      00040  
                      00041  endc                                                                                   ;final da memóri
                            a do usuário
                      00042                              
                      00043 ; --- Vetor de RESET ---
0000                  00044                                 org                     H'0000'                         ;Origem no ender
                            eço 0000h de memória
0000   2805           00045                                 goto            inicio                          ;Desvia do vetor de inte
                            rrupção
                      00046                                 
                      00047 ; --- Vetor de Interrupção ---
0004                  00048                                 org                     H'0004'                         ;Todas as interr
                            upções apontam para este endereço
0004   0009           00049                                 retfie                                                  ;Retorna de inte
                            rrupção
                      00050                                 
                      00051 
                      00052 ; --- Programa Principal ---                            
0005                  00053 inicio:
0005   1683           00054                                 bank1                                                   ;seleciona o ban
                            co 1 de memória
0006   30FF           00055                                 movlw           H'FF'                           ;W = B'11111111'
Message[302]: Register in operand not in bank 0.  Ensure that bank bits are correct.
0007   0085           00056                                 movwf           TRISA                           ;TRISA = H'FF' (todos os
                             bits são entrada)
0008   30FF           00057                                 movlw           H'FF'                           ;W = B'11110101'
Message[302]: Register in operand not in bank 0.  Ensure that bank bits are correct.
0009   0086           00058                                 movwf           TRISB                           ;TRISB = H'F5' configura
                             RB1 e RB3 como saída
000A   1283           00059                                 bank0                                                   ;seleciona o ban
                            co 0 de memória (padrão do RESET)
000B   018C           00060                                 clrf            regist1
000C   018D           00061                                 clrf            regist2
                      00062                                 
000D                  00063 loop:                                                                                   ;Loop infinito
                      00064 
000D   3000           00065                                 movlw           B'00000000'                     ;W = 10
000E   008D           00066                                 movwf           regist2                         ;regist = 10
                      00067                                 
000F                  00068 aux:
000F   190D           00069                                 btfsc           regist2,2                       ;Bit 2 do regist2 igual 
                            a zero?
0010   280F           00070                                 goto            aux                                     ;Não. Desvia par
                            a aux
0011   280D           00071                                 goto            loop                            ;Sim. Desvia para loop
                      00072 
                      00073                                 
                      00074 
                      00075                                 
                      00076                                 
0012   280D           00077                                 goto            loop
MPASM  5.51           SOURCE_FILE_AULA014.ASM   2-5-2016  21:26:36         PAGE  3


LOC  OBJECT CODE     LINE SOURCE TEXT
  VALUE

                      00078 
                      00079 
                      00080                                 
                      00081                                 end                                                             ;Final d
                            o programa
MPASM  5.51           SOURCE_FILE_AULA014.ASM   2-5-2016  21:26:36         PAGE  4


SYMBOL TABLE
  LABEL                             VALUE 

C                                 00000000
DC                                00000001
EEADR                             00000009
EECON1                            00000088
EECON2                            00000089
EEDATA                            00000008
EEIE                              00000006
EEIF                              00000004
F                                 00000001
FSR                               00000004
GIE                               00000007
INDF                              00000000
INTCON                            0000000B
INTE                              00000004
INTEDG                            00000006
INTF                              00000001
IRP                               00000007
NOT_PD                            00000003
NOT_RBPU                          00000007
NOT_TO                            00000004
OPTION_REG                        00000081
PCL                               00000002
PCLATH                            0000000A
PORTA                             00000005
PORTB                             00000006
PS0                               00000000
PS1                               00000001
PS2                               00000002
PSA                               00000003
RA0                               00000000
RA1                               00000001
RA2                               00000002
RA3                               00000003
RA4                               00000004
RB0                               00000000
RB1                               00000001
RB2                               00000002
RB3                               00000003
RB4                               00000004
RB5                               00000005
RB6                               00000006
RB7                               00000007
RBIE                              00000003
RBIF                              00000000
RD                                00000000
RP0                               00000005
RP1                               00000006
STATUS                            00000003
T0CS                              00000005
T0IE                              00000005
T0IF                              00000002
T0SE                              00000004
TMR0                              00000001
MPASM  5.51           SOURCE_FILE_AULA014.ASM   2-5-2016  21:26:36         PAGE  5


SYMBOL TABLE
  LABEL                             VALUE 

TMR0IE                            00000005
TMR0IF                            00000002
TRISA                             00000085
TRISA0                            00000000
TRISA1                            00000001
TRISA2                            00000002
TRISA3                            00000003
TRISA4                            00000004
TRISB                             00000086
TRISB0                            00000000
TRISB1                            00000001
TRISB2                            00000002
TRISB3                            00000003
TRISB4                            00000004
TRISB5                            00000005
TRISB6                            00000006
TRISB7                            00000007
W                                 00000000
WR                                00000001
WREN                              00000002
WRERR                             00000003
Z                                 00000002
_CONFIG                           00002007
_CP_OFF                           00003FFF
_CP_ON                            0000000F
_DEVID1                           00002006
_FOSC_EXTRC                       00003FFF
_FOSC_HS                          00003FFE
_FOSC_LP                          00003FFC
_FOSC_XT                          00003FFD
_HS_OSC                           00003FFE
_IDLOC0                           00002000
_IDLOC1                           00002001
_IDLOC2                           00002002
_IDLOC3                           00002003
_LP_OSC                           00003FFC
_PWRTE_OFF                        00003FFF
_PWRTE_ON                         00003FF7
_RC_OSC                           00003FFF
_WDTE_OFF                         00003FFB
_WDTE_ON                          00003FFF
_WDT_OFF                          00003FFB
_WDT_ON                           00003FFF
_XT_OSC                           00003FFD
__16F84A                          00000001
__DEBUG                           1
aux                               0000000F
bank0                             bcf     STATUS,RP0
bank1                             bsf STATUS,RP0
inicio                            00000005
loop                              0000000D
regist1                           0000000C
regist2                           0000000D
MPASM  5.51           SOURCE_FILE_AULA014.ASM   2-5-2016  21:26:36         PAGE  6


MEMORY USAGE MAP ('X' = Used,  '-' = Unused)


0000 : X---XXXXXXXXXXXX XXX------------- ---------------- ----------------
2000 : -------X-------- ---------------- ---------------- ----------------

All other memory blocks unused.

Program Memory Words Used:    16
Program Memory Words Free:  1008


Errors   :     0
Warnings :     0 reported,     0 suppressed
Messages :     2 reported,     0 suppressed

