MPASM  5.51           SOURCE_PRIMEIROPROG.ASM   1-14-2020  16:36:40         PAGE  1


LOC  OBJECT CODE     LINE SOURCE TEXT
  VALUE

                      00001 ;
                      00002 ; Primeira aula de Assembler- WrKits    
                      00003 ;
                      00004 ; MCU: Pic16F84A        Clock: 4MHz
                      00005 ;
                      00006 ; Autor: Leonardo Machado
                      00007         
                      00008         
                      00009    list p=16f84A                ;microcontrolador utilazado PIC16F84A
                      00010         
                      00011         
                      00012  ; --- Arquivo incluidos no projeto ---
                      00013  
                      00014    #include <p16f84a.inc>               ;inclui o arquivo do Pic16F84A
                      00001         LIST
                      00002 
                      00003 ;==========================================================================
                      00004 ;  MPASM PIC16F84A processor include
                      00005 ; 
                      00006 ;  (c) Copyright 1999-2013 Microchip Technology, All rights reserved
                      00007 ;==========================================================================
                      00008 
                      00208         LIST
                      00015    
                      00016  
                      00017  ; --- Fuse Bits ---
                      00018  ; Cristal ocilador externo de 4MHz, Sem watchdog timer, com Power Up timer, sem proteção de codigo 
2007   3FF1           00019                                 __config _XT_OSC & _WDT_OFF & _PWRTE_ON & _CP_OFF
                      00020  
                      00021 
                      00022  ; --- Paginação de memória ---
                      00023     #define             bank0           bcf STATUS,RP0          ;Cria um mnemônico para o banco 0 de mem
                            ória  
                      00024     #define             bank1           bsf STATUS,RP0          ;Cria um mnemônico para o banco 1 de mem
                            ória
                      00025     
                      00026  ; --- Entrada Botão ---
                      00027         #define         botao                   PORTB,RB0               ;Botão definido no pino RB0   
                      00028         
                      00029  ; --- Saida para led ---       
                      00030         #define         led                             PORTB,RB0               ;Saida definida para o l
                            ed 
                      00031  
                      00032  ; --- Vetor de RESET ---       
0000                  00033                                 org                     H'0000'                         ;Origem no ender
                            eço 000h de memória
0000   2805           00034                                 goto            inicio                          ;Desvia do vetor de inte
                            rrupção
                      00035                                 
                      00036  ; --- Vetor de Interrupção ---
0004                  00037                                 org                     H'0004'                         ;Todas as interr
                            upções apontam  para este endereço 
0004   0009           00038                                 retfie                                                  ;Retorna de inte
MPASM  5.51           SOURCE_PRIMEIROPROG.ASM   1-14-2020  16:36:40         PAGE  2


LOC  OBJECT CODE     LINE SOURCE TEXT
  VALUE

                            rrupção
                      00039                                 
                      00040  ; --- Programa Principal ---
Warning[207]: Found label after column 1. (inicio)
0005                  00041  inicio:
0005   1683           00042                         bank1                                                           ;Seleciona o ban
                            co 1 de memoria 
0006   30FF           00043                         movlw           H'FF'                                   ;W = B' 11111111'
Message[302]: Register in operand not in bank 0.  Ensure that bank bits are correct.
0007   0085           00044                         movwf           TRISA                                   ;TRISA = H'FF'  (Todos o
                            s bits são entrada)
0008   307F           00045                         movlw           H'7F'                                   ;W = B'01111111'
Message[302]: Register in operand not in bank 0.  Ensure that bank bits are correct.
0009   0086           00046                         movwf           TRISB                                   ;TRISAB = H'7F  (apenas 
                            o RB7 como saida)
000A   1283           00047                         bank0                                                           ;Seleciona o ban
                            co 0 de memória (padrão de RESET)
000B   30FF           00048                         movlw           H'FF'                                   ;W = B' 11111111'
000C   0086           00049                         movwf           PORTB                                   ;RB7 (Configurando como 
                            saída)inicio
                      00050                 
000D                  00051 loop:
                      00052                                 
000D   1806           00053                                 btfsc           botao                                   ;botao precionad
                            o (0-sim,vai pro desvio *** 1-nao,vai para "apagaled")
000E   2811           00054                                 goto            apagaled                                ;desvio pata lab
                            el      
000F   1406           00055                                 bsf                     led                                             
                            ;seta o led ou seja liga ele
0010   280D           00056                                 goto            loop                                    ;cria o ciclo de
                             loop
                      00057                                 
                      00058 
0011                  00059 apagaled:
                      00060                         
0011   1006           00061                                 bcf                     led                                             
                            ;da um clear no led ou seja apaga ele 
0012   280D           00062                                 goto            loop                                    ;volta ao loop
                      00063                 
                      00064                         end                                                                     ;Final d
                            e programa
MPASM  5.51           SOURCE_PRIMEIROPROG.ASM   1-14-2020  16:36:40         PAGE  3


SYMBOL TABLE
  LABEL                             VALUE 

C                                 00000000
DC                                00000001
EEADR                             00000009
EECON1                            00000088
EECON2                            00000089
EEDATA                            00000008
EEIE                              00000006
EEIF                              00000004
F                                 00000001
FSR                               00000004
GIE                               00000007
INDF                              00000000
INTCON                            0000000B
INTE                              00000004
INTEDG                            00000006
INTF                              00000001
IRP                               00000007
NOT_PD                            00000003
NOT_RBPU                          00000007
NOT_TO                            00000004
OPTION_REG                        00000081
PCL                               00000002
PCLATH                            0000000A
PORTA                             00000005
PORTB                             00000006
PS0                               00000000
PS1                               00000001
PS2                               00000002
PSA                               00000003
RA0                               00000000
RA1                               00000001
RA2                               00000002
RA3                               00000003
RA4                               00000004
RB0                               00000000
RB1                               00000001
RB2                               00000002
RB3                               00000003
RB4                               00000004
RB5                               00000005
RB6                               00000006
RB7                               00000007
RBIE                              00000003
RBIF                              00000000
RD                                00000000
RP0                               00000005
RP1                               00000006
STATUS                            00000003
T0CS                              00000005
T0IE                              00000005
T0IF                              00000002
T0SE                              00000004
TMR0                              00000001
MPASM  5.51           SOURCE_PRIMEIROPROG.ASM   1-14-2020  16:36:40         PAGE  4


SYMBOL TABLE
  LABEL                             VALUE 

TMR0IE                            00000005
TMR0IF                            00000002
TRISA                             00000085
TRISA0                            00000000
TRISA1                            00000001
TRISA2                            00000002
TRISA3                            00000003
TRISA4                            00000004
TRISB                             00000086
TRISB0                            00000000
TRISB1                            00000001
TRISB2                            00000002
TRISB3                            00000003
TRISB4                            00000004
TRISB5                            00000005
TRISB6                            00000006
TRISB7                            00000007
W                                 00000000
WR                                00000001
WREN                              00000002
WRERR                             00000003
Z                                 00000002
_CONFIG                           00002007
_CP_OFF                           00003FFF
_CP_ON                            0000000F
_DEVID1                           00002006
_FOSC_EXTRC                       00003FFF
_FOSC_HS                          00003FFE
_FOSC_LP                          00003FFC
_FOSC_XT                          00003FFD
_HS_OSC                           00003FFE
_IDLOC0                           00002000
_IDLOC1                           00002001
_IDLOC2                           00002002
_IDLOC3                           00002003
_LP_OSC                           00003FFC
_PWRTE_OFF                        00003FFF
_PWRTE_ON                         00003FF7
_RC_OSC                           00003FFF
_WDTE_OFF                         00003FFB
_WDTE_ON                          00003FFF
_WDT_OFF                          00003FFB
_WDT_ON                           00003FFF
_XT_OSC                           00003FFD
__16F84A                          00000001
__DEBUG                           1
apagaled                          00000011
bank0                             bcf STATUS,RP0
bank1                             bsf STATUS,RP0
botao                             PORTB,RB0
inicio                            00000005
led                               PORTB,RB0
loop                              0000000D
MPASM  5.51           SOURCE_PRIMEIROPROG.ASM   1-14-2020  16:36:40         PAGE  5


MEMORY USAGE MAP ('X' = Used,  '-' = Unused)


0000 : X---XXXXXXXXXXXX XXX------------- ---------------- ----------------
2000 : -------X-------- ---------------- ---------------- ----------------

All other memory blocks unused.

Program Memory Words Used:    16
Program Memory Words Free:  1008


Errors   :     0
Warnings :     1 reported,     0 suppressed
Messages :     2 reported,     0 suppressed

