8051 Assembler           Version 1.00   07/04/115 15:41:19    Page 1
C:\You Tube - Meu Canal\ZZZ Assembly 8051\Assembly_8051_005_Direcionamento_Direto_e_Indireto\8051_WR_files_005\direcionamento_direto.a51



    1 0000              ;
    2 0000              ; Curso de 8051 em Assembly
    3 0000              ;
    4 0000              ; Exemplo de direcionamento direto
    5 0000              ;
    6 0000              ; Wagner Rambo Julho de 2015
    7 0000              ;
    8 0000              
    9 0000                              org             0000h                   ;Origem no endereço 00h de memória
   10 0000              
   11 0000              ini:
   12 0000 7520BB                       mov             20h,#0bbh               ;Move o valor constante para o endereço 20h de memória
   13 0003 852023                       mov             23h,20h                 ;Move o conteúdo do endereço 20h de memória p/ 23h
   14 0006 E5A0                         mov             a,P2                    ;Move o conteúdo do port2 para o acumulador
   15 0008 2523                         add             a,23h                   ; a = a + M23 
   16 000A              
   17 000A                              end                                     ;Final do programa

Defined Symbols:

Defined Labels:
  INI                                       000000  0
